<?xml version="1.0" encoding="UTF-8"?>
<testsuites>
  <testsuite name="fastlane.lanes">
    
    
    
      
      <testcase classname="fastlane.lanes" name="0: default_platform" time="0.0046944">
        
      </testcase>
    
      
      <testcase classname="fastlane.lanes" name="1: gradle" time="13.5371602">
        
      </testcase>
    
      
      <testcase classname="fastlane.lanes" name="2: instrumented_tests" time="66.6352578">
        
          <failure message="C:/Ruby26-x64/lib/ruby/gems/2.6.0/gems/fastlane-2.130.0/fastlane/lib/fastlane/actions/actions_helper.rb:48:in `execute_action'&#10;C:/Ruby26-x64/lib/ruby/gems/2.6.0/gems/fastlane-2.130.0/fastlane/lib/fastlane/runner.rb:235:in `block in execute_action'&#10;C:/Ruby26-x64/lib/ruby/gems/2.6.0/gems/fastlane-2.130.0/fastlane/lib/fastlane/runner.rb:227:in `chdir'&#10;C:/Ruby26-x64/lib/ruby/gems/2.6.0/gems/fastlane-2.130.0/fastlane/lib/fastlane/runner.rb:227:in `execute_action'&#10;C:/Ruby26-x64/lib/ruby/gems/2.6.0/gems/fastlane-2.130.0/fastlane/lib/fastlane/runner.rb:157:in `trigger_action_by_name'&#10;C:/Ruby26-x64/lib/ruby/gems/2.6.0/gems/fastlane-2.130.0/fastlane/lib/fastlane/fast_file.rb:154:in `method_missing'&#10;Fastfile:37:in `block (3 levels) in parsing_binding'&#10;Fastfile:33:in `each'&#10;Fastfile:33:in `block (2 levels) in parsing_binding'&#10;C:/Ruby26-x64/lib/ruby/gems/2.6.0/gems/fastlane-2.130.0/fastlane/lib/fastlane/lane.rb:33:in `call'&#10;C:/Ruby26-x64/lib/ruby/gems/2.6.0/gems/fastlane-2.130.0/fastlane/lib/fastlane/runner.rb:49:in `block in execute'&#10;C:/Ruby26-x64/lib/ruby/gems/2.6.0/gems/fastlane-2.130.0/fastlane/lib/fastlane/runner.rb:45:in `chdir'&#10;C:/Ruby26-x64/lib/ruby/gems/2.6.0/gems/fastlane-2.130.0/fastlane/lib/fastlane/runner.rb:45:in `execute'&#10;C:/Ruby26-x64/lib/ruby/gems/2.6.0/gems/fastlane-2.130.0/fastlane/lib/fastlane/lane_manager.rb:56:in `cruise_lane'&#10;C:/Ruby26-x64/lib/ruby/gems/2.6.0/gems/fastlane-2.130.0/fastlane/lib/fastlane/command_line_handler.rb:36:in `handle'&#10;C:/Ruby26-x64/lib/ruby/gems/2.6.0/gems/fastlane-2.130.0/fastlane/lib/fastlane/commands_generator.rb:108:in `block (2 levels) in run'&#10;C:/Ruby26-x64/lib/ruby/gems/2.6.0/gems/commander-fastlane-4.4.6/lib/commander/command.rb:178:in `call'&#10;C:/Ruby26-x64/lib/ruby/gems/2.6.0/gems/commander-fastlane-4.4.6/lib/commander/command.rb:153:in `run'&#10;C:/Ruby26-x64/lib/ruby/gems/2.6.0/gems/commander-fastlane-4.4.6/lib/commander/runner.rb:476:in `run_active_command'&#10;C:/Ruby26-x64/lib/ruby/gems/2.6.0/gems/fastlane-2.130.0/fastlane_core/lib/fastlane_core/ui/fastlane_runner.rb:76:in `run!'&#10;C:/Ruby26-x64/lib/ruby/gems/2.6.0/gems/commander-fastlane-4.4.6/lib/commander/delegates.rb:15:in `run!'&#10;C:/Ruby26-x64/lib/ruby/gems/2.6.0/gems/fastlane-2.130.0/fastlane/lib/fastlane/commands_generator.rb:349:in `run'&#10;C:/Ruby26-x64/lib/ruby/gems/2.6.0/gems/fastlane-2.130.0/fastlane/lib/fastlane/commands_generator.rb:41:in `start'&#10;C:/Ruby26-x64/lib/ruby/gems/2.6.0/gems/fastlane-2.130.0/fastlane/lib/fastlane/cli_tools_distributor.rb:119:in `take_off'&#10;C:/Ruby26-x64/lib/ruby/gems/2.6.0/gems/fastlane-2.130.0/bin/fastlane:23:in `&lt;top (required)&gt;'&#10;C:/Ruby26-x64/bin/fastlane:23:in `load'&#10;C:/Ruby26-x64/bin/fastlane:23:in `&lt;main&gt;'&#10;&#10;Exit status of command 'C:/Users/E5852/Documents/GitHub/NetWork/Retrofit/retrofit_montepio/gradlew connectedCheck -p .' was 1 instead of 0.&#10;&#10;FAILURE: Build failed with an exception.&#10;&#10;* What went wrong:&#10;Could not determine the dependencies of task ':app:preDebugAndroidTestBuild'.&#10;&gt; Could not resolve all task dependencies for configuration ':app:debugAndroidTestRuntimeClasspath'.&#10;   &gt; Could not resolve junit:junit:{strictly 4.10}.&#10;     Required by:&#10;         project :app&#10;      &gt; Cannot find a version of 'junit:junit' that satisfies the version constraints: &#10;           Dependency path 'retrofit_montepio:app:unspecified' --&gt; 'androidx.test:runner:1.2.0' --&gt; 'junit:junit:4.12'&#10;           Constraint path 'retrofit_montepio:app:unspecified' --&gt; 'junit:junit:{strictly 4.10}' because of the following reason: debugRuntimeClasspath uses version 4.10&#10;           Dependency path 'retrofit_montepio:app:unspecified' --&gt; 'org.testng:testng:6.9.6' --&gt; 'junit:junit:4.10'&#10;&#10;   &gt; Could not resolve org.hamcrest:hamcrest-core:{strictly 1.1}.&#10;     Required by:&#10;         project :app&#10;      &gt; Cannot find a version of 'org.hamcrest:hamcrest-core' that satisfies the version constraints: &#10;           Dependency path 'retrofit_montepio:app:unspecified' --&gt; 'androidx.test:runner:1.2.0' --&gt; 'junit:junit:4.12' --&gt; 'org.hamcrest:hamcrest-core:1.3'&#10;           Constraint path 'retrofit_montepio:app:unspecified' --&gt; 'org.hamcrest:hamcrest-core:{strictly 1.1}' because of the following reason: debugRuntimeClasspath uses version 1.1&#10;           Dependency path 'retrofit_montepio:app:unspecified' --&gt; 'androidx.test.espresso:espresso-core:3.2.0' --&gt; 'org.hamcrest:hamcrest-library:1.3' --&gt; 'org.hamcrest:hamcrest-core:1.3'&#10;           Dependency path 'retrofit_montepio:app:unspecified' --&gt; 'androidx.test.espresso:espresso-contrib:3.1.0-alpha3' --&gt; 'com.google.android.apps.common.testing.accessibility.framework:accessibility-test-framework:2.0' --&gt; 'org.hamcrest:hamcrest-core:1.3'&#10;&#10;   &gt; Could not resolve junit:junit:4.12.&#10;     Required by:&#10;         project :app &gt; androidx.test:runner:1.2.0&#10;      &gt; Cannot find a version of 'junit:junit' that satisfies the version constraints: &#10;           Dependency path 'retrofit_montepio:app:unspecified' --&gt; 'androidx.test:runner:1.2.0' --&gt; 'junit:junit:4.12'&#10;           Constraint path 'retrofit_montepio:app:unspecified' --&gt; 'junit:junit:{strictly 4.10}' because of the following reason: debugRuntimeClasspath uses version 4.10&#10;           Dependency path 'retrofit_montepio:app:unspecified' --&gt; 'org.testng:testng:6.9.6' --&gt; 'junit:junit:4.10'&#10;&#10;   &gt; Could not resolve junit:junit:4.10.&#10;     Required by:&#10;         project :app &gt; org.testng:testng:6.9.6&#10;      &gt; Cannot find a version of 'junit:junit' that satisfies the version constraints: &#10;           Dependency path 'retrofit_montepio:app:unspecified' --&gt; 'androidx.test:runner:1.2.0' --&gt; 'junit:junit:4.12'&#10;           Constraint path 'retrofit_montepio:app:unspecified' --&gt; 'junit:junit:{strictly 4.10}' because of the following reason: debugRuntimeClasspath uses version 4.10&#10;           Dependency path 'retrofit_montepio:app:unspecified' --&gt; 'org.testng:testng:6.9.6' --&gt; 'junit:junit:4.10'&#10;&#10;   &gt; Could not resolve org.hamcrest:hamcrest-core:1.3.&#10;     Required by:&#10;         project :app &gt; junit:junit:4.12&#10;         project :app &gt; androidx.test.espresso:espresso-core:3.2.0 &gt; org.hamcrest:hamcrest-library:1.3&#10;         project :app &gt; androidx.test.espresso:espresso-contrib:3.1.0-alpha3 &gt; com.google.android.apps.common.testing.accessibility.framework:accessibility-test-framework:2.0&#10;      &gt; Cannot find a version of 'org.hamcrest:hamcrest-core' that satisfies the version constraints: &#10;           Dependency path 'retrofit_montepio:app:unspecified' --&gt; 'androidx.test:runner:1.2.0' --&gt; 'junit:junit:4.12' --&gt; 'org.hamcrest:hamcrest-core:1.3'&#10;           Constraint path 'retrofit_montepio:app:unspecified' --&gt; 'org.hamcrest:hamcrest-core:{strictly 1.1}' because of the following reason: debugRuntimeClasspath uses version 1.1&#10;           Dependency path 'retrofit_montepio:app:unspecified' --&gt; 'androidx.test.espresso:espresso-core:3.2.0' --&gt; 'org.hamcrest:hamcrest-library:1.3' --&gt; 'org.hamcrest:hamcrest-core:1.3'&#10;           Dependency path 'retrofit_montepio:app:unspecified' --&gt; 'androidx.test.espresso:espresso-contrib:3.1.0-alpha3' --&gt; 'com.google.android.apps.common.testing.accessibility.framework:accessibility-test-framework:2.0' --&gt; 'org.hamcrest:hamcrest-core:1.3'&#10;&#10;&#10;* Try:&#10;Run with --stacktrace option to get the stack trace. Run with --info or --debug option to get more log output. Run with --scan to get full insights.&#10;&#10;* Get more help at https://help.gradle.org&#10;&#10;BUILD FAILED in 4s&#10;" />
        
      </testcase>
    
      
      <testcase classname="fastlane.lanes" name="3: slack" time="0.7344779">
        
      </testcase>
    
  </testsuite>
</testsuites>
